Script triggered. Torrent ID: , Torrent Name: 
Script triggered. Torrent ID: , Torrent Name: 
Percentage: 4.0.3
fast


transmission-remote
[port]
[host:port]
[http(s?)://host:port/transmission/]

the


--help
exit
--add
or
--alt-speed

--no-alt-speed
Limits
--alt-speed-downlimit
(in
--alt-speed-uplimit
(in
--alt-speed-scheduler
times
--no-alt-speed-scheduler
on/off
<time>
alt
hhmm)
<time>
speed

<days>
of

Blocklist
--incomplete-dir
until

--no-incomplete-dir
in
location
--debug

--bandwidth-group
bandwidth

--no-bandwidth-group
bandwidth

--list-groups
their
--downlimit
in
torrent(s)

--no-downlimit
for
or
--cache
the
cache
--encryption-required

--encryption-preferred

--encryption-tolerated
connections
Tell
to
--files
files
--filter

--get
--no-get

--info
details
--print-ids
ids
--info-files
files
--info-peers
peers
--info-pieces
pieces
--info-trackers
trackers
--json
JSON
--session-info

--session-stats

--list
--labels
labels
<path>
to
<path>

<path>
to
data
<name>
or
<path>
functions
--portmap
or
--no-portmap
--auth

--authenv
from
variable

--netrc
from
Use
daemon
--dht
tables
--no-dht
tables
--port
(Default:
--port-test
--random-port
peers
--priority-high
first
--priority-normal
normally
--priority-low
last
--bandwidth-high
chance
bandwidth
--bandwidth-normal
left
priority
--bandwidth-low
left
and
torrents
Reannounce

--remove

--peers
peers
torrent(s)

--remove-and-delete
and
data
<file>
finishes

Don't
script
<file>
finishes

Don't
script
--seedratio
seed
specific
--seedratio-default
use
seedratio

--no-seedratio
seed
of
--global-seedratio
by
setting,
seed
ratio
--no-global-seedratio
by
setting,
seed
ratio
--tracker-add

--tracker-remove
torrent
--start

--stop

--torrent

Start

Start

Delete

Do
adding
--honor-session
honor
limits
--no-honor-session
not
session
--uplimit
in
torrent(s)

--no-uplimit
for
or
Enable

Disable

--verify

--version
exit
--download-dir
with
set
download
Otherwise,
default

--pex

--no-pex

--lpd
(LPD)
--no-lpd
(LPD)
--peer-info
peers
Done
100%
100%
100%
100%
100%
100%
100%
100%
100%
100%
100%
100%
100%
100%
100%
451.4
Script triggered. Torrent ID: , Torrent Name: 
Percentage: 4.0.3
fast


transmission-remote
[port]
[host:port]
[http(s?)://host:port/transmission/]

the


--help
exit
--add
or
--alt-speed

--no-alt-speed
Limits
--alt-speed-downlimit
(in
--alt-speed-uplimit
(in
--alt-speed-scheduler
times
--no-alt-speed-scheduler
on/off
<time>
alt
hhmm)
<time>
speed

<days>
of

Blocklist
--incomplete-dir
until

--no-incomplete-dir
in
location
--debug

--bandwidth-group
bandwidth

--no-bandwidth-group
bandwidth

--list-groups
their
--downlimit
in
torrent(s)

--no-downlimit
for
or
--cache
the
cache
--encryption-required

--encryption-preferred

--encryption-tolerated
connections
Tell
to
--files
files
--filter

--get
--no-get

--info
details
--print-ids
ids
--info-files
files
--info-peers
peers
--info-pieces
pieces
--info-trackers
trackers
--json
JSON
--session-info

--session-stats

--list
--labels
labels
<path>
to
<path>

<path>
to
data
<name>
or
<path>
functions
--portmap
or
--no-portmap
--auth

--authenv
from
variable

--netrc
from
Use
daemon
--dht
tables
--no-dht
tables
--port
(Default:
--port-test
--random-port
peers
--priority-high
first
--priority-normal
normally
--priority-low
last
--bandwidth-high
chance
bandwidth
--bandwidth-normal
left
priority
--bandwidth-low
left
and
torrents
Reannounce

--remove

--peers
peers
torrent(s)

--remove-and-delete
and
data
<file>
finishes

Don't
script
<file>
finishes

Don't
script
--seedratio
seed
specific
--seedratio-default
use
seedratio

--no-seedratio
seed
of
--global-seedratio
by
setting,
seed
ratio
--no-global-seedratio
by
setting,
seed
ratio
--tracker-add

--tracker-remove
torrent
--start

--stop

--torrent

Start

Start

Delete

Do
adding
--honor-session
honor
limits
--no-honor-session
not
session
--uplimit
in
torrent(s)

--no-uplimit
for
or
Enable

Disable

--verify

--version
exit
--download-dir
with
set
download
Otherwise,
default

--pex

--no-pex

--lpd
(LPD)
--no-lpd
(LPD)
--peer-info
peers
Done
100%
100%
100%
100%
100%
100%
100%
100%
100%
100%
100%
100%
100%
100%
100%
100%
452.3
Script triggered. Torrent ID: , Torrent Name: 
Percentage: 4.0.3
fast


transmission-remote
[port]
[host:port]
[http(s?)://host:port/transmission/]

the


--help
exit
--add
or
--alt-speed

--no-alt-speed
Limits
--alt-speed-downlimit
(in
--alt-speed-uplimit
(in
--alt-speed-scheduler
times
--no-alt-speed-scheduler
on/off
<time>
alt
hhmm)
<time>
speed

<days>
of

Blocklist
--incomplete-dir
until

--no-incomplete-dir
in
location
--debug

--bandwidth-group
bandwidth

--no-bandwidth-group
bandwidth

--list-groups
their
--downlimit
in
torrent(s)

--no-downlimit
for
or
--cache
the
cache
--encryption-required

--encryption-preferred

--encryption-tolerated
connections
Tell
to
--files
files
--filter

--get
--no-get

--info
details
--print-ids
ids
--info-files
files
--info-peers
peers
--info-pieces
pieces
--info-trackers
trackers
--json
JSON
--session-info

--session-stats

--list
--labels
labels
<path>
to
<path>

<path>
to
data
<name>
or
<path>
functions
--portmap
or
--no-portmap
--auth

--authenv
from
variable

--netrc
from
Use
daemon
--dht
tables
--no-dht
tables
--port
(Default:
--port-test
--random-port
peers
--priority-high
first
--priority-normal
normally
--priority-low
last
--bandwidth-high
chance
bandwidth
--bandwidth-normal
left
priority
--bandwidth-low
left
and
torrents
Reannounce

--remove

--peers
peers
torrent(s)

--remove-and-delete
and
data
<file>
finishes

Don't
script
<file>
finishes

Don't
script
--seedratio
seed
specific
--seedratio-default
use
seedratio

--no-seedratio
seed
of
--global-seedratio
by
setting,
seed
ratio
--no-global-seedratio
by
setting,
seed
ratio
--tracker-add

--tracker-remove
torrent
--start

--stop

--torrent

Start

Start

Delete

Do
adding
--honor-session
honor
limits
--no-honor-session
not
session
--uplimit
in
torrent(s)

--no-uplimit
for
or
Enable

Disable

--verify

--version
exit
--download-dir
with
set
download
Otherwise,
default

--pex

--no-pex

--lpd
(LPD)
--no-lpd
(LPD)
--peer-info
peers
Done
100%
100%
100%
100%
100%
100%
100%
100%
100%
100%
100%
100%
100%
100%
100%
100%
452.3
